2021-04-07 10:34:02.907  INFO 696 --- [main] c.l.g.GpsDeviceServerApplicationTests    : Starting GpsDeviceServerApplicationTests on DESKTOP-MKDSQD3 with PID 696 (started by YJJ in F:\javagit\gps_device_server)
2021-04-07 10:34:02.922  INFO 696 --- [main] c.l.g.GpsDeviceServerApplicationTests    : No active profile set, falling back to default profiles: default
2021-04-07 10:34:04.352  INFO 696 --- [main] .s.d.r.c.RepositoryConfigurationDelegate : Multiple Spring Data modules found, entering strict repository configuration mode!
2021-04-07 10:34:04.357  INFO 696 --- [main] .s.d.r.c.RepositoryConfigurationDelegate : Bootstrapping Spring Data Redis repositories in DEFAULT mode.
2021-04-07 10:34:04.407  INFO 696 --- [main] .s.d.r.c.RepositoryConfigurationDelegate : Finished Spring Data repository scanning in 24ms. Found 0 Redis repository interfaces.
2021-04-07 10:34:04.832  INFO 696 --- [main] faultConfiguringBeanFactoryPostProcessor : No bean named 'errorChannel' has been explicitly defined. Therefore, a default PublishSubscribeChannel will be created.
2021-04-07 10:34:04.838  INFO 696 --- [main] faultConfiguringBeanFactoryPostProcessor : No bean named 'taskScheduler' has been explicitly defined. Therefore, a default ThreadPoolTaskScheduler will be created.
2021-04-07 10:34:04.863  INFO 696 --- [main] faultConfiguringBeanFactoryPostProcessor : No bean named 'integrationHeaderChannelRegistry' has been explicitly defined. Therefore, a default DefaultHeaderChannelRegistry will be created.
2021-04-07 10:34:05.628  INFO 696 --- [main] trationDelegate$BeanPostProcessorChecker : Bean 'org.springframework.integration.config.IntegrationManagementConfiguration' of type [org.springframework.integration.config.IntegrationManagementConfiguration] is not eligible for getting processed by all BeanPostProcessors (for example: not eligible for auto-proxying)
2021-04-07 10:34:05.661  INFO 696 --- [main] trationDelegate$BeanPostProcessorChecker : Bean 'integrationChannelResolver' of type [org.springframework.integration.support.channel.BeanFactoryChannelResolver] is not eligible for getting processed by all BeanPostProcessors (for example: not eligible for auto-proxying)
2021-04-07 10:34:05.665  INFO 696 --- [main] trationDelegate$BeanPostProcessorChecker : Bean 'integrationDisposableAutoCreatedBeans' of type [org.springframework.integration.config.annotation.Disposables] is not eligible for getting processed by all BeanPostProcessors (for example: not eligible for auto-proxying)
2021-04-07 10:34:05.902  INFO 696 --- [main] o.s.s.c.ThreadPoolTaskScheduler          : Initializing ExecutorService 'taskScheduler'
2021-04-07 10:34:08.065  INFO 696 --- [main] com.lyny.nettyServer.NettyServer         : 启动 Netty Server
2021-04-07 10:34:08.859  INFO 696 --- [main] o.s.s.concurrent.ThreadPoolTaskExecutor  : Initializing ExecutorService 'applicationTaskExecutor'
2021-04-07 10:34:09.603  INFO 696 --- [main] o.s.i.endpoint.EventDrivenConsumer       : Adding {logging-channel-adapter:_org.springframework.integration.errorLogger} as a subscriber to the 'errorChannel' channel
2021-04-07 10:34:09.603  INFO 696 --- [main] o.s.i.channel.PublishSubscribeChannel    : Channel 'gps_device_server.errorChannel' has 1 subscriber(s).
2021-04-07 10:34:09.604  INFO 696 --- [main] o.s.i.endpoint.EventDrivenConsumer       : started bean '_org.springframework.integration.errorLogger'
2021-04-07 10:34:09.604  INFO 696 --- [main] o.s.i.endpoint.EventDrivenConsumer       : Adding {message-handler:appConfiguration.mqttOutbound.serviceActivator} as a subscriber to the 'mqttOutboundChannel' channel
2021-04-07 10:34:09.604  INFO 696 --- [main] o.s.integration.channel.DirectChannel    : Channel 'gps_device_server.mqttOutboundChannel' has 1 subscriber(s).
2021-04-07 10:34:09.604  INFO 696 --- [main] o.s.i.endpoint.EventDrivenConsumer       : started bean 'appConfiguration.mqttOutbound.serviceActivator'
2021-04-07 10:34:09.604  INFO 696 --- [main] ProxyFactoryBean$MethodInvocationGateway : started bean 'mqttGateway'
2021-04-07 10:34:09.604  INFO 696 --- [main] ProxyFactoryBean$MethodInvocationGateway : started bean 'mqttGateway'
2021-04-07 10:34:09.604  INFO 696 --- [main] ProxyFactoryBean$MethodInvocationGateway : started bean 'mqttGateway'
2021-04-07 10:34:09.604  INFO 696 --- [main] ProxyFactoryBean$MethodInvocationGateway : started bean 'mqttGateway'
2021-04-07 10:34:09.604  INFO 696 --- [main] ProxyFactoryBean$MethodInvocationGateway : started bean 'mqttGateway'
2021-04-07 10:34:09.604  INFO 696 --- [main] o.s.i.gateway.GatewayProxyFactoryBean    : started bean 'mqttGateway'
2021-04-07 10:34:09.616  INFO 696 --- [main] c.l.g.GpsDeviceServerApplicationTests    : Started GpsDeviceServerApplicationTests in 7.267 seconds (JVM running for 9.692)
2021-04-07 10:34:10.114  INFO 696 --- [SpringContextShutdownHook] ProxyFactoryBean$MethodInvocationGateway : stopped bean 'mqttGateway'
2021-04-07 10:34:10.115  INFO 696 --- [SpringContextShutdownHook] ProxyFactoryBean$MethodInvocationGateway : stopped bean 'mqttGateway'
2021-04-07 10:34:10.115  INFO 696 --- [SpringContextShutdownHook] ProxyFactoryBean$MethodInvocationGateway : stopped bean 'mqttGateway'
2021-04-07 10:34:10.115  INFO 696 --- [SpringContextShutdownHook] ProxyFactoryBean$MethodInvocationGateway : stopped bean 'mqttGateway'
2021-04-07 10:34:10.115  INFO 696 --- [SpringContextShutdownHook] ProxyFactoryBean$MethodInvocationGateway : stopped bean 'mqttGateway'
2021-04-07 10:34:10.115  INFO 696 --- [SpringContextShutdownHook] o.s.i.gateway.GatewayProxyFactoryBean    : stopped bean 'mqttGateway'
2021-04-07 10:34:10.115  INFO 696 --- [SpringContextShutdownHook] o.s.i.endpoint.EventDrivenConsumer       : Removing {logging-channel-adapter:_org.springframework.integration.errorLogger} as a subscriber to the 'errorChannel' channel
2021-04-07 10:34:10.115  INFO 696 --- [SpringContextShutdownHook] o.s.i.channel.PublishSubscribeChannel    : Channel 'gps_device_server.errorChannel' has 0 subscriber(s).
2021-04-07 10:34:10.115  INFO 696 --- [SpringContextShutdownHook] o.s.i.endpoint.EventDrivenConsumer       : stopped bean '_org.springframework.integration.errorLogger'
2021-04-07 10:34:10.115  INFO 696 --- [SpringContextShutdownHook] o.s.i.endpoint.EventDrivenConsumer       : Removing {message-handler:appConfiguration.mqttOutbound.serviceActivator} as a subscriber to the 'mqttOutboundChannel' channel
2021-04-07 10:34:10.116  INFO 696 --- [SpringContextShutdownHook] o.s.integration.channel.DirectChannel    : Channel 'gps_device_server.mqttOutboundChannel' has 0 subscriber(s).
2021-04-07 10:34:10.116  INFO 696 --- [SpringContextShutdownHook] o.s.i.endpoint.EventDrivenConsumer       : stopped bean 'appConfiguration.mqttOutbound.serviceActivator'
2021-04-07 10:34:10.118  INFO 696 --- [SpringContextShutdownHook] o.s.s.concurrent.ThreadPoolTaskExecutor  : Shutting down ExecutorService 'applicationTaskExecutor'
2021-04-07 10:34:14.602  INFO 696 --- [SpringContextShutdownHook] com.lyny.nettyServer.NettyServer         : 关闭Netty
2021-04-07 10:34:14.613  WARN 696 --- [SpringContextShutdownHook] o.s.b.f.support.DisposableBeanAdapter    : Destroy method 'shutdown' on bean with name 'lettuceClientResources' threw an exception: java.lang.NoSuchMethodError: io.netty.util.concurrent.PromiseCombiner.<init>(Lio/netty/util/concurrent/EventExecutor;)V
2021-04-07 10:34:14.613  INFO 696 --- [SpringContextShutdownHook] o.s.s.c.ThreadPoolTaskScheduler          : Shutting down ExecutorService 'taskScheduler'
2021-04-07 10:40:46.635  INFO 17852 --- [main] c.l.g.GpsDeviceServerApplicationTests    : Starting GpsDeviceServerApplicationTests on DESKTOP-MKDSQD3 with PID 17852 (started by YJJ in F:\javagit\gps_device_server)
2021-04-07 10:40:46.637  INFO 17852 --- [main] c.l.g.GpsDeviceServerApplicationTests    : No active profile set, falling back to default profiles: default
2021-04-07 10:40:47.433  INFO 17852 --- [main] .s.d.r.c.RepositoryConfigurationDelegate : Multiple Spring Data modules found, entering strict repository configuration mode!
2021-04-07 10:40:47.435  INFO 17852 --- [main] .s.d.r.c.RepositoryConfigurationDelegate : Bootstrapping Spring Data Redis repositories in DEFAULT mode.
2021-04-07 10:40:47.472  INFO 17852 --- [main] .s.d.r.c.RepositoryConfigurationDelegate : Finished Spring Data repository scanning in 20ms. Found 0 Redis repository interfaces.
2021-04-07 10:40:47.832  INFO 17852 --- [main] faultConfiguringBeanFactoryPostProcessor : No bean named 'errorChannel' has been explicitly defined. Therefore, a default PublishSubscribeChannel will be created.
2021-04-07 10:40:47.837  INFO 17852 --- [main] faultConfiguringBeanFactoryPostProcessor : No bean named 'taskScheduler' has been explicitly defined. Therefore, a default ThreadPoolTaskScheduler will be created.
2021-04-07 10:40:47.844  INFO 17852 --- [main] faultConfiguringBeanFactoryPostProcessor : No bean named 'integrationHeaderChannelRegistry' has been explicitly defined. Therefore, a default DefaultHeaderChannelRegistry will be created.
2021-04-07 10:40:48.512  INFO 17852 --- [main] trationDelegate$BeanPostProcessorChecker : Bean 'org.springframework.integration.config.IntegrationManagementConfiguration' of type [org.springframework.integration.config.IntegrationManagementConfiguration] is not eligible for getting processed by all BeanPostProcessors (for example: not eligible for auto-proxying)
2021-04-07 10:40:48.543  INFO 17852 --- [main] trationDelegate$BeanPostProcessorChecker : Bean 'integrationChannelResolver' of type [org.springframework.integration.support.channel.BeanFactoryChannelResolver] is not eligible for getting processed by all BeanPostProcessors (for example: not eligible for auto-proxying)
2021-04-07 10:40:48.548  INFO 17852 --- [main] trationDelegate$BeanPostProcessorChecker : Bean 'integrationDisposableAutoCreatedBeans' of type [org.springframework.integration.config.annotation.Disposables] is not eligible for getting processed by all BeanPostProcessors (for example: not eligible for auto-proxying)
2021-04-07 10:40:48.771  INFO 17852 --- [main] o.s.s.c.ThreadPoolTaskScheduler          : Initializing ExecutorService 'taskScheduler'
2021-04-07 10:40:50.575  INFO 17852 --- [main] com.lyny.nettyServer.NettyServer         : 启动 Netty Server
2021-04-07 10:40:51.322  INFO 17852 --- [main] o.s.s.concurrent.ThreadPoolTaskExecutor  : Initializing ExecutorService 'applicationTaskExecutor'
2021-04-07 10:40:52.074  INFO 17852 --- [main] o.s.i.endpoint.EventDrivenConsumer       : Adding {logging-channel-adapter:_org.springframework.integration.errorLogger} as a subscriber to the 'errorChannel' channel
2021-04-07 10:40:52.075  INFO 17852 --- [main] o.s.i.channel.PublishSubscribeChannel    : Channel 'gps_device_server.errorChannel' has 1 subscriber(s).
2021-04-07 10:40:52.075  INFO 17852 --- [main] o.s.i.endpoint.EventDrivenConsumer       : started bean '_org.springframework.integration.errorLogger'
2021-04-07 10:40:52.075  INFO 17852 --- [main] o.s.i.endpoint.EventDrivenConsumer       : Adding {message-handler:appConfiguration.mqttOutbound.serviceActivator} as a subscriber to the 'mqttOutboundChannel' channel
2021-04-07 10:40:52.075  INFO 17852 --- [main] o.s.integration.channel.DirectChannel    : Channel 'gps_device_server.mqttOutboundChannel' has 1 subscriber(s).
2021-04-07 10:40:52.075  INFO 17852 --- [main] o.s.i.endpoint.EventDrivenConsumer       : started bean 'appConfiguration.mqttOutbound.serviceActivator'
2021-04-07 10:40:52.075  INFO 17852 --- [main] ProxyFactoryBean$MethodInvocationGateway : started bean 'mqttGateway'
2021-04-07 10:40:52.076  INFO 17852 --- [main] ProxyFactoryBean$MethodInvocationGateway : started bean 'mqttGateway'
2021-04-07 10:40:52.076  INFO 17852 --- [main] ProxyFactoryBean$MethodInvocationGateway : started bean 'mqttGateway'
2021-04-07 10:40:52.076  INFO 17852 --- [main] ProxyFactoryBean$MethodInvocationGateway : started bean 'mqttGateway'
2021-04-07 10:40:52.076  INFO 17852 --- [main] ProxyFactoryBean$MethodInvocationGateway : started bean 'mqttGateway'
2021-04-07 10:40:52.076  INFO 17852 --- [main] o.s.i.gateway.GatewayProxyFactoryBean    : started bean 'mqttGateway'
2021-04-07 10:40:52.089  INFO 17852 --- [main] c.l.g.GpsDeviceServerApplicationTests    : Started GpsDeviceServerApplicationTests in 5.841 seconds (JVM running for 7.182)
2021-04-07 10:40:52.357  INFO 17852 --- [SpringContextShutdownHook] ProxyFactoryBean$MethodInvocationGateway : stopped bean 'mqttGateway'
2021-04-07 10:40:52.357  INFO 17852 --- [SpringContextShutdownHook] ProxyFactoryBean$MethodInvocationGateway : stopped bean 'mqttGateway'
2021-04-07 10:40:52.357  INFO 17852 --- [SpringContextShutdownHook] ProxyFactoryBean$MethodInvocationGateway : stopped bean 'mqttGateway'
2021-04-07 10:40:52.357  INFO 17852 --- [SpringContextShutdownHook] ProxyFactoryBean$MethodInvocationGateway : stopped bean 'mqttGateway'
2021-04-07 10:40:52.358  INFO 17852 --- [SpringContextShutdownHook] ProxyFactoryBean$MethodInvocationGateway : stopped bean 'mqttGateway'
2021-04-07 10:40:52.358  INFO 17852 --- [SpringContextShutdownHook] o.s.i.gateway.GatewayProxyFactoryBean    : stopped bean 'mqttGateway'
2021-04-07 10:40:52.358  INFO 17852 --- [SpringContextShutdownHook] o.s.i.endpoint.EventDrivenConsumer       : Removing {logging-channel-adapter:_org.springframework.integration.errorLogger} as a subscriber to the 'errorChannel' channel
2021-04-07 10:40:52.358  INFO 17852 --- [SpringContextShutdownHook] o.s.i.channel.PublishSubscribeChannel    : Channel 'gps_device_server.errorChannel' has 0 subscriber(s).
2021-04-07 10:40:52.358  INFO 17852 --- [SpringContextShutdownHook] o.s.i.endpoint.EventDrivenConsumer       : stopped bean '_org.springframework.integration.errorLogger'
2021-04-07 10:40:52.358  INFO 17852 --- [SpringContextShutdownHook] o.s.i.endpoint.EventDrivenConsumer       : Removing {message-handler:appConfiguration.mqttOutbound.serviceActivator} as a subscriber to the 'mqttOutboundChannel' channel
2021-04-07 10:40:52.359  INFO 17852 --- [SpringContextShutdownHook] o.s.integration.channel.DirectChannel    : Channel 'gps_device_server.mqttOutboundChannel' has 0 subscriber(s).
2021-04-07 10:40:52.359  INFO 17852 --- [SpringContextShutdownHook] o.s.i.endpoint.EventDrivenConsumer       : stopped bean 'appConfiguration.mqttOutbound.serviceActivator'
2021-04-07 10:40:52.362  INFO 17852 --- [SpringContextShutdownHook] o.s.s.concurrent.ThreadPoolTaskExecutor  : Shutting down ExecutorService 'applicationTaskExecutor'
2021-04-07 10:40:56.839  INFO 17852 --- [SpringContextShutdownHook] com.lyny.nettyServer.NettyServer         : 关闭Netty
2021-04-07 10:40:56.853  WARN 17852 --- [SpringContextShutdownHook] o.s.b.f.support.DisposableBeanAdapter    : Destroy method 'shutdown' on bean with name 'lettuceClientResources' threw an exception: java.lang.NoSuchMethodError: io.netty.util.concurrent.PromiseCombiner.<init>(Lio/netty/util/concurrent/EventExecutor;)V
2021-04-07 10:40:56.855  INFO 17852 --- [SpringContextShutdownHook] o.s.s.c.ThreadPoolTaskScheduler          : Shutting down ExecutorService 'taskScheduler'
